<?xml version="1.0" encoding="UTF-8"?>
<testng-results skipped="0" failed="0" total="2" passed="2">
  <reporter-output>
  </reporter-output>
  <suite name="Suite" duration-ms="33025" started-at="2015-09-11T02:09:47Z" finished-at="2015-09-11T02:10:20Z">
    <groups>
    </groups>
    <test name="Test" duration-ms="33025" started-at="2015-09-11T02:09:47Z" finished-at="2015-09-11T02:10:20Z">
      <class name="com.page.tests.RegisterTest">
        <test-method status="PASS" signature="Login()[pri:0, instance:com.page.tests.RegisterTest@7c30a502]" name="Login" duration-ms="10256" started-at="2015-09-11T12:10:09Z" finished-at="2015-09-11T12:10:19Z">
          <reporter-output>
          </reporter-output>
        </test-method> <!-- Login -->
      </class> <!-- com.page.tests.RegisterTest -->
      <class name="com.page.tests.HomePageTest">
        <test-method status="PASS" signature="beforeTest()[pri:0, instance:com.page.tests.HomePageTest@2c8d66b2]" name="beforeTest" is-config="true" duration-ms="8175" started-at="2015-09-11T12:09:47Z" finished-at="2015-09-11T12:09:55Z">
          <reporter-output>
          </reporter-output>
        </test-method> <!-- beforeTest -->
        <test-method status="PASS" signature="beforeTest()[pri:0, instance:com.page.tests.RegisterTest@7c30a502]" name="beforeTest" is-config="true" duration-ms="6807" started-at="2015-09-11T12:09:55Z" finished-at="2015-09-11T12:10:01Z">
          <reporter-output>
          </reporter-output>
        </test-method> <!-- beforeTest -->
        <test-method status="PASS" signature="Login()[pri:0, instance:com.page.tests.HomePageTest@2c8d66b2]" name="Login" duration-ms="7089" started-at="2015-09-11T12:10:02Z" finished-at="2015-09-11T12:10:09Z">
          <reporter-output>
          </reporter-output>
        </test-method> <!-- Login -->
        <test-method status="PASS" signature="afterTest()[pri:0, instance:com.page.tests.HomePageTest@2c8d66b2]" name="afterTest" is-config="true" duration-ms="426" started-at="2015-09-11T12:10:19Z" finished-at="2015-09-11T12:10:19Z">
          <reporter-output>
          </reporter-output>
        </test-method> <!-- afterTest -->
        <test-method status="PASS" signature="afterTest()[pri:0, instance:com.page.tests.RegisterTest@7c30a502]" name="afterTest" is-config="true" duration-ms="255" started-at="2015-09-11T12:10:19Z" finished-at="2015-09-11T12:10:20Z">
          <reporter-output>
          </reporter-output>
        </test-method> <!-- afterTest -->
      </class> <!-- com.page.tests.HomePageTest -->
    </test> <!-- Test -->
  </suite> <!-- Suite -->
</testng-results>
