<?xml version="1.0" encoding="UTF-8"?>
<testng-results skipped="0" failed="0" total="1" passed="1">
  <reporter-output>
  </reporter-output>
  <suite name="Default suite" duration-ms="18692" started-at="2015-09-09T09:34:27Z" finished-at="2015-09-09T09:34:45Z">
    <groups>
    </groups>
    <test name="Default test" duration-ms="18692" started-at="2015-09-09T09:34:27Z" finished-at="2015-09-09T09:34:45Z">
      <class name="com.page.tests.HomePageTest">
        <test-method status="PASS" signature="beforeTest()[pri:0, instance:com.page.tests.HomePageTest@35bbe5e8]" name="beforeTest" is-config="true" duration-ms="12642" started-at="2015-09-09T19:34:27Z" finished-at="2015-09-09T19:34:39Z">
          <reporter-output>
          </reporter-output>
        </test-method> <!-- beforeTest -->
        <test-method status="PASS" signature="Login()[pri:0, instance:com.page.tests.HomePageTest@35bbe5e8]" name="Login" duration-ms="5595" started-at="2015-09-09T19:34:39Z" finished-at="2015-09-09T19:34:45Z">
          <reporter-output>
          </reporter-output>
        </test-method> <!-- Login -->
        <test-method status="PASS" signature="afterTest()[pri:0, instance:com.page.tests.HomePageTest@35bbe5e8]" name="afterTest" is-config="true" duration-ms="438" started-at="2015-09-09T19:34:45Z" finished-at="2015-09-09T19:34:45Z">
          <reporter-output>
          </reporter-output>
        </test-method> <!-- afterTest -->
      </class> <!-- com.page.tests.HomePageTest -->
    </test> <!-- Default test -->
  </suite> <!-- Default suite -->
</testng-results>
